--------------------------------------------------
ktest file : 'bc/klee-out-0/test000001.ktest'
args       : ['bc/bst.bc']
num objects: 1
object 0: name: 'argc'
object 0: size: 4
object 0: data: b'\x01\x00\x00\x00'
object 0: hex : 0x01000000
object 0: int : 1
object 0: uint: 1
object 0: text: ....


--------------------------------------------------
--------------------------------------------------
ktest file : 'bc/klee-out-0/test000002.ktest'
args       : ['bc/bst.bc']
num objects: 2
object 0: name: 'argc'
object 0: size: 4
object 0: data: b'\x02\x00\x00\x00'
object 0: hex : 0x02000000
object 0: int : 2
object 0: uint: 2
object 0: text: ....
object 1: name: 'argv1'
object 1: size: 11
object 1: data: b'\x00\x00\x00\x00\x00\x00\x00\x00\x00\x00\x00'
object 1: hex : 0x0000000000000000000000
object 1: text: ...........
0 
0 
--------------------------------------------------
--------------------------------------------------
ktest file : 'bc/klee-out-0/test000003.ktest'
args       : ['bc/bst.bc']
num objects: 3
object 0: name: 'argc'
object 0: size: 4
object 0: data: b'\x03\x00\x00\x00'
object 0: hex : 0x03000000
object 0: int : 3
object 0: uint: 3
object 0: text: ....
object 1: name: 'argv1'
object 1: size: 11
object 1: data: b'\x00\x00\x00\x00\x00\x00\x00\x00\x00\x00\x00'
object 1: hex : 0x0000000000000000000000
object 1: text: ...........
object 2: name: 'argv2'
object 2: size: 11
object 2: data: b'\x00\x00\x00\x00\x00\x00\x00\x00\x00\x00\x00'
object 2: hex : 0x0000000000000000000000
object 2: text: ...........
0 0 
0 0 
--------------------------------------------------
--------------------------------------------------
ktest file : 'bc/klee-out-0/test000004.ktest'
args       : ['bc/bst.bc']
num objects: 4
object 0: name: 'argc'
object 0: size: 4
object 0: data: b'\x04\x00\x00\x00'
object 0: hex : 0x04000000
object 0: int : 4
object 0: uint: 4
object 0: text: ....
object 1: name: 'argv1'
object 1: size: 11
object 1: data: b'\x00\x00\x00\x00\x00\x00\x00\x00\x00\x00\x00'
object 1: hex : 0x0000000000000000000000
object 1: text: ...........
object 2: name: 'argv2'
object 2: size: 11
object 2: data: b'\x00\x00\x00\x00\x00\x00\x00\x00\x00\x00\x00'
object 2: hex : 0x0000000000000000000000
object 2: text: ...........
object 3: name: 'argv3'
object 3: size: 11
object 3: data: b'\x00\x00\x00\x00\x00\x00\x00\x00\x00\x00\x00'
object 3: hex : 0x0000000000000000000000
object 3: text: ...........
0 0 0 
0 0 0 
--------------------------------------------------
--------------------------------------------------
ktest file : 'bc/klee-out-0/test000005.ktest'
args       : ['bc/bst.bc']
num objects: 5
object 0: name: 'argc'
object 0: size: 4
object 0: data: b'\x05\x00\x00\x00'
object 0: hex : 0x05000000
object 0: int : 5
object 0: uint: 5
object 0: text: ....
object 1: name: 'argv1'
object 1: size: 11
object 1: data: b'\x00\x00\x00\x00\x00\x00\x00\x00\x00\x00\x00'
object 1: hex : 0x0000000000000000000000
object 1: text: ...........
object 2: name: 'argv2'
object 2: size: 11
object 2: data: b'\x00\x00\x00\x00\x00\x00\x00\x00\x00\x00\x00'
object 2: hex : 0x0000000000000000000000
object 2: text: ...........
object 3: name: 'argv3'
object 3: size: 11
object 3: data: b'\x00\x00\x00\x00\x00\x00\x00\x00\x00\x00\x00'
object 3: hex : 0x0000000000000000000000
object 3: text: ...........
object 4: name: 'argv4'
object 4: size: 11
object 4: data: b'\x00\x00\x00\x00\x00\x00\x00\x00\x00\x00\x00'
object 4: hex : 0x0000000000000000000000
object 4: text: ...........
0 0 0 0 
0 0 0 0 
--------------------------------------------------
--------------------------------------------------
ktest file : 'bc/klee-out-0/test000006.ktest'
args       : ['bc/bst.bc']
num objects: 6
object 0: name: 'argc'
object 0: size: 4
object 0: data: b'\x06\x00\x00\x00'
object 0: hex : 0x06000000
object 0: int : 6
object 0: uint: 6
object 0: text: ....
object 1: name: 'argv1'
object 1: size: 11
object 1: data: b'\x00\x00\x00\x00\x00\x00\x00\x00\x00\x00\x00'
object 1: hex : 0x0000000000000000000000
object 1: text: ...........
object 2: name: 'argv2'
object 2: size: 11
object 2: data: b'\x00\x00\x00\x00\x00\x00\x00\x00\x00\x00\x00'
object 2: hex : 0x0000000000000000000000
object 2: text: ...........
object 3: name: 'argv3'
object 3: size: 11
object 3: data: b'\x00\x00\x00\x00\x00\x00\x00\x00\x00\x00\x00'
object 3: hex : 0x0000000000000000000000
object 3: text: ...........
object 4: name: 'argv4'
object 4: size: 11
object 4: data: b'\x00\x00\x00\x00\x00\x00\x00\x00\x00\x00\x00'
object 4: hex : 0x0000000000000000000000
object 4: text: ...........
object 5: name: 'argv5'
object 5: size: 11
object 5: data: b'\x00\x00\x00\x00\x00\x00\x00\x00\x00\x00\x00'
object 5: hex : 0x0000000000000000000000
object 5: text: ...........
0 0 0 0 0 
0 0 0 0 0 
--------------------------------------------------
--------------------------------------------------
ktest file : 'bc/klee-out-0/test000007.ktest'
args       : ['bc/bst.bc']
num objects: 7
object 0: name: 'argc'
object 0: size: 4
object 0: data: b'\x07\x00\x00\x00'
object 0: hex : 0x07000000
object 0: int : 7
object 0: uint: 7
object 0: text: ....
object 1: name: 'argv1'
object 1: size: 11
object 1: data: b'\x00\x00\x00\x00\x00\x00\x00\x00\x00\x00\x00'
object 1: hex : 0x0000000000000000000000
object 1: text: ...........
object 2: name: 'argv2'
object 2: size: 11
object 2: data: b'\x00\x00\x00\x00\x00\x00\x00\x00\x00\x00\x00'
object 2: hex : 0x0000000000000000000000
object 2: text: ...........
object 3: name: 'argv3'
object 3: size: 11
object 3: data: b'\x00\x00\x00\x00\x00\x00\x00\x00\x00\x00\x00'
object 3: hex : 0x0000000000000000000000
object 3: text: ...........
object 4: name: 'argv4'
object 4: size: 11
object 4: data: b'\x00\x00\x00\x00\x00\x00\x00\x00\x00\x00\x00'
object 4: hex : 0x0000000000000000000000
object 4: text: ...........
object 5: name: 'argv5'
object 5: size: 11
object 5: data: b'\x00\x00\x00\x00\x00\x00\x00\x00\x00\x00\x00'
object 5: hex : 0x0000000000000000000000
object 5: text: ...........
object 6: name: 'argv6'
object 6: size: 11
object 6: data: b'\x00\x00\x00\x00\x00\x00\x00\x00\x00\x00\x00'
object 6: hex : 0x0000000000000000000000
object 6: text: ...........
0 0 0 0 0 0 
0 0 0 0 0 0 
--------------------------------------------------
--------------------------------------------------
ktest file : 'bc/klee-out-0/test000008.ktest'
args       : ['bc/bst.bc']
num objects: 8
object 0: name: 'argc'
object 0: size: 4
object 0: data: b'\x08\x00\x00\x00'
object 0: hex : 0x08000000
object 0: int : 8
object 0: uint: 8
object 0: text: ....
object 1: name: 'argv1'
object 1: size: 11
object 1: data: b'\x00\x00\x00\x00\x00\x00\x00\x00\x00\x00\x00'
object 1: hex : 0x0000000000000000000000
object 1: text: ...........
object 2: name: 'argv2'
object 2: size: 11
object 2: data: b'\x00\x00\x00\x00\x00\x00\x00\x00\x00\x00\x00'
object 2: hex : 0x0000000000000000000000
object 2: text: ...........
object 3: name: 'argv3'
object 3: size: 11
object 3: data: b'\x00\x00\x00\x00\x00\x00\x00\x00\x00\x00\x00'
object 3: hex : 0x0000000000000000000000
object 3: text: ...........
object 4: name: 'argv4'
object 4: size: 11
object 4: data: b'\x00\x00\x00\x00\x00\x00\x00\x00\x00\x00\x00'
object 4: hex : 0x0000000000000000000000
object 4: text: ...........
object 5: name: 'argv5'
object 5: size: 11
object 5: data: b'\x00\x00\x00\x00\x00\x00\x00\x00\x00\x00\x00'
object 5: hex : 0x0000000000000000000000
object 5: text: ...........
object 6: name: 'argv6'
object 6: size: 11
object 6: data: b'\x00\x00\x00\x00\x00\x00\x00\x00\x00\x00\x00'
object 6: hex : 0x0000000000000000000000
object 6: text: ...........
object 7: name: 'argv7'
object 7: size: 11
object 7: data: b'\x00\x00\x00\x00\x00\x00\x00\x00\x00\x00\x00'
object 7: hex : 0x0000000000000000000000
object 7: text: ...........
0 0 0 0 0 0 0 
0 0 0 0 0 0 0 
--------------------------------------------------
--------------------------------------------------
ktest file : 'bc/klee-out-0/test000009.ktest'
args       : ['bc/bst.bc']
num objects: 9
object 0: name: 'argc'
object 0: size: 4
object 0: data: b'\t\x00\x00\x00'
object 0: hex : 0x09000000
object 0: int : 9
object 0: uint: 9
object 0: text: ....
object 1: name: 'argv1'
object 1: size: 11
object 1: data: b'\x00\x00\x00\x00\x00\x00\x00\x00\x00\x00\x00'
object 1: hex : 0x0000000000000000000000
object 1: text: ...........
object 2: name: 'argv2'
object 2: size: 11
object 2: data: b'\x00\x00\x00\x00\x00\x00\x00\x00\x00\x00\x00'
object 2: hex : 0x0000000000000000000000
object 2: text: ...........
object 3: name: 'argv3'
object 3: size: 11
object 3: data: b'\x00\x00\x00\x00\x00\x00\x00\x00\x00\x00\x00'
object 3: hex : 0x0000000000000000000000
object 3: text: ...........
object 4: name: 'argv4'
object 4: size: 11
object 4: data: b'\x00\x00\x00\x00\x00\x00\x00\x00\x00\x00\x00'
object 4: hex : 0x0000000000000000000000
object 4: text: ...........
object 5: name: 'argv5'
object 5: size: 11
object 5: data: b'\x00\x00\x00\x00\x00\x00\x00\x00\x00\x00\x00'
object 5: hex : 0x0000000000000000000000
object 5: text: ...........
object 6: name: 'argv6'
object 6: size: 11
object 6: data: b'\x00\x00\x00\x00\x00\x00\x00\x00\x00\x00\x00'
object 6: hex : 0x0000000000000000000000
object 6: text: ...........
object 7: name: 'argv7'
object 7: size: 11
object 7: data: b'\x00\x00\x00\x00\x00\x00\x00\x00\x00\x00\x00'
object 7: hex : 0x0000000000000000000000
object 7: text: ...........
object 8: name: 'argv8'
object 8: size: 11
object 8: data: b'\x00\x00\x00\x00\x00\x00\x00\x00\x00\x00\x00'
object 8: hex : 0x0000000000000000000000
object 8: text: ...........
0 0 0 0 0 0 0 0 
0 0 0 0 0 0 0 0 
--------------------------------------------------
--------------------------------------------------
ktest file : 'bc/klee-out-0/test000010.ktest'
args       : ['bc/bst.bc']
num objects: 10
object 0: name: 'argc'
object 0: size: 4
object 0: data: b'\n\x00\x00\x00'
object 0: hex : 0x0a000000
object 0: int : 10
object 0: uint: 10
object 0: text: ....
object 1: name: 'argv1'
object 1: size: 11
object 1: data: b'\x00\x00\x00\x00\x00\x00\x00\x00\x00\x00\x00'
object 1: hex : 0x0000000000000000000000
object 1: text: ...........
object 2: name: 'argv2'
object 2: size: 11
object 2: data: b'\x00\x00\x00\x00\x00\x00\x00\x00\x00\x00\x00'
object 2: hex : 0x0000000000000000000000
object 2: text: ...........
object 3: name: 'argv3'
object 3: size: 11
object 3: data: b'\x00\x00\x00\x00\x00\x00\x00\x00\x00\x00\x00'
object 3: hex : 0x0000000000000000000000
object 3: text: ...........
object 4: name: 'argv4'
object 4: size: 11
object 4: data: b'\x00\x00\x00\x00\x00\x00\x00\x00\x00\x00\x00'
object 4: hex : 0x0000000000000000000000
object 4: text: ...........
object 5: name: 'argv5'
object 5: size: 11
object 5: data: b'\x00\x00\x00\x00\x00\x00\x00\x00\x00\x00\x00'
object 5: hex : 0x0000000000000000000000
object 5: text: ...........
object 6: name: 'argv6'
object 6: size: 11
object 6: data: b'\x00\x00\x00\x00\x00\x00\x00\x00\x00\x00\x00'
object 6: hex : 0x0000000000000000000000
object 6: text: ...........
object 7: name: 'argv7'
object 7: size: 11
object 7: data: b'\x00\x00\x00\x00\x00\x00\x00\x00\x00\x00\x00'
object 7: hex : 0x0000000000000000000000
object 7: text: ...........
object 8: name: 'argv8'
object 8: size: 11
object 8: data: b'\x00\x00\x00\x00\x00\x00\x00\x00\x00\x00\x00'
object 8: hex : 0x0000000000000000000000
object 8: text: ...........
object 9: name: 'argv9'
object 9: size: 11
object 9: data: b'\x00\x00\x00\x00\x00\x00\x00\x00\x00\x00\x00'
object 9: hex : 0x0000000000000000000000
object 9: text: ...........
0 0 0 0 0 0 0 0 0 
0 0 0 0 0 0 0 0 0 
--------------------------------------------------
